<?xml version="1.0" encoding="UTF-8"?>
<!-- Generated by org.testng.reporters.JUnitReportReporter -->
<testsuite hostname="DESKTOP-NBAG2P3" failures="0" tests="2" name="runner.Test_Runner" time="27.358" errors="0" timestamp="7 Nov 2022 06:26:22 GMT">
  <testcase classname="runner.Test_Runner" name="runScenario" time="13.708"/>
  <testcase classname="runner.Test_Runner" name="runScenario" time="13.650"/>
</testsuite> <!-- runner.Test_Runner -->
