<?xml version="1.0" encoding="UTF-8"?>
<!-- Generated by org.testng.reporters.JUnitReportReporter -->
<testsuite hostname="DESKTOP-NBAG2P3" failures="0" tests="2" name="runner.Test_Runner" time="29.430" errors="0" timestamp="8 Nov 2022 16:15:43 GMT">
  <testcase classname="runner.Test_Runner" name="runScenario" time="14.472"/>
  <testcase classname="runner.Test_Runner" name="runScenario" time="14.958"/>
</testsuite> <!-- runner.Test_Runner -->
